[debug] [2018-11-26T00:46:02.238Z] ----------------------------------------------------------------------
[debug] [2018-11-26T00:46:02.254Z] Command:       C:\Program Files\nodejs\node.exe C:\Users\Administrator\AppData\Roaming\npm\node_modules\firebase-tools\bin\firebase serve
[debug] [2018-11-26T00:46:02.254Z] CLI Version:   5.1.1
[debug] [2018-11-26T00:46:02.254Z] Platform:      win32
[debug] [2018-11-26T00:46:02.254Z] Node Version:  v8.12.0
[debug] [2018-11-26T00:46:02.254Z] Time:          Mon Nov 26 2018 09:46:02 GMT+0900 (대한민국 표준시)
[debug] [2018-11-26T00:46:02.254Z] ----------------------------------------------------------------------
[debug] 
[debug] [2018-11-26T00:46:02.300Z] > command requires scopes: ["email","openid","https://www.googleapis.com/auth/cloudplatformprojects.readonly","https://www.googleapis.com/auth/firebase","https://www.googleapis.com/auth/cloud-platform"]
[debug] [2018-11-26T00:46:02.300Z] > authorizing via signed-in user
[debug] [2018-11-26T00:46:02.300Z] [iam] checking project uportfoli for permissions ["firebase.projects.get"]
[debug] [2018-11-26T00:46:02.316Z] > refreshing access token with scopes: ["email","https://www.googleapis.com/auth/cloud-platform","https://www.googleapis.com/auth/cloudplatformprojects.readonly","https://www.googleapis.com/auth/firebase","openid"]
[debug] [2018-11-26T00:46:02.316Z] >>> HTTP REQUEST POST https://www.googleapis.com/oauth2/v3/token  
 <request body omitted>
[debug] [2018-11-26T00:46:02.753Z] <<< HTTP RESPONSE 200
[debug] [2018-11-26T00:46:02.784Z] >>> HTTP REQUEST POST https://cloudresourcemanager.googleapis.com/v1/projects/uportfoli:testIamPermissions  

[debug] [2018-11-26T00:46:04.003Z] <<< HTTP RESPONSE 200
[debug] [2018-11-26T00:46:04.003Z] >>> HTTP REQUEST GET https://cloudresourcemanager.googleapis.com/v1/projects/uportfoli  
 
[debug] [2018-11-26T00:46:05.136Z] <<< HTTP RESPONSE 200
[info] 
[info] === Serving from 'D:\PORTFORLIO'...
[info] 
[debug] [2018-11-26T00:46:05.152Z] >>> HTTP REQUEST GET https://mobilesdk-pa.googleapis.com/v1/projects/260216334544/clients/_:getWebAppConfig  
 
[debug] [2018-11-26T00:46:06.926Z] <<< HTTP RESPONSE 200
[info] i  hosting: Serving hosting files from: public
[info] +  hosting: Local server: http://localhost:5000
[debug] [2018-11-26T06:24:53.242Z] ----------------------------------------------------------------------
[debug] [2018-11-26T06:24:53.249Z] Command:       C:\Program Files\nodejs\node.exe C:\Users\Administrator\AppData\Roaming\npm\node_modules\firebase-tools\bin\firebase serve
[debug] [2018-11-26T06:24:53.250Z] CLI Version:   5.1.1
[debug] [2018-11-26T06:24:53.250Z] Platform:      win32
[debug] [2018-11-26T06:24:53.250Z] Node Version:  v8.12.0
[debug] [2018-11-26T06:24:53.252Z] Time:          Mon Nov 26 2018 15:24:53 GMT+0900 (대한민국 표준시)
[debug] [2018-11-26T06:24:53.252Z] ----------------------------------------------------------------------
[debug] 
[debug] [2018-11-26T06:24:53.288Z] > command requires scopes: ["email","openid","https://www.googleapis.com/auth/cloudplatformprojects.readonly","https://www.googleapis.com/auth/firebase","https://www.googleapis.com/auth/cloud-platform"]
[debug] [2018-11-26T06:24:53.289Z] > authorizing via signed-in user
[debug] [2018-11-26T06:24:53.290Z] [iam] checking project uportfoli for permissions ["firebase.projects.get"]
[debug] [2018-11-26T06:24:53.296Z] > refreshing access token with scopes: ["email","https://www.googleapis.com/auth/cloud-platform","https://www.googleapis.com/auth/cloudplatformprojects.readonly","https://www.googleapis.com/auth/firebase","openid"]
[debug] [2018-11-26T06:24:53.297Z] >>> HTTP REQUEST POST https://www.googleapis.com/oauth2/v3/token  
 <request body omitted>
[debug] [2018-11-26T06:24:53.748Z] <<< HTTP RESPONSE 200
[debug] [2018-11-26T06:24:53.763Z] >>> HTTP REQUEST POST https://cloudresourcemanager.googleapis.com/v1/projects/uportfoli:testIamPermissions  

[debug] [2018-11-26T06:24:55.021Z] <<< HTTP RESPONSE 200
[debug] [2018-11-26T06:24:55.021Z] >>> HTTP REQUEST GET https://cloudresourcemanager.googleapis.com/v1/projects/uportfoli  
 
[debug] [2018-11-26T06:24:56.164Z] <<< HTTP RESPONSE 200
[info] 
[info] === Serving from 'D:\PORTFORLIO'...
[info] 
[debug] [2018-11-26T06:24:56.164Z] >>> HTTP REQUEST GET https://mobilesdk-pa.googleapis.com/v1/projects/260216334544/clients/_:getWebAppConfig  
 
[debug] [2018-11-26T06:24:57.298Z] <<< HTTP RESPONSE 200
[info] i  hosting: Serving hosting files from: public
[info] +  hosting: Local server: http://localhost:5000
[debug] [2018-11-27T00:48:28.858Z] ----------------------------------------------------------------------
[debug] [2018-11-27T00:48:28.858Z] Command:       C:\Program Files\nodejs\node.exe C:\Users\Administrator\AppData\Roaming\npm\node_modules\firebase-tools\bin\firebase serve
[debug] [2018-11-27T00:48:28.858Z] CLI Version:   5.1.1
[debug] [2018-11-27T00:48:28.858Z] Platform:      win32
[debug] [2018-11-27T00:48:28.858Z] Node Version:  v8.12.0
[debug] [2018-11-27T00:48:28.858Z] Time:          Tue Nov 27 2018 09:48:28 GMT+0900 (대한민국 표준시)
[debug] [2018-11-27T00:48:28.858Z] ----------------------------------------------------------------------
[debug] 
[debug] [2018-11-27T00:48:28.889Z] > command requires scopes: ["email","openid","https://www.googleapis.com/auth/cloudplatformprojects.readonly","https://www.googleapis.com/auth/firebase","https://www.googleapis.com/auth/cloud-platform"]
[debug] [2018-11-27T00:48:28.889Z] > authorizing via signed-in user
[debug] [2018-11-27T00:48:28.889Z] [iam] checking project uportfoli for permissions ["firebase.projects.get"]
[debug] [2018-11-27T00:48:28.889Z] > refreshing access token with scopes: ["email","https://www.googleapis.com/auth/cloud-platform","https://www.googleapis.com/auth/cloudplatformprojects.readonly","https://www.googleapis.com/auth/firebase","openid"]
[debug] [2018-11-27T00:48:28.889Z] >>> HTTP REQUEST POST https://www.googleapis.com/oauth2/v3/token  
 <request body omitted>
[debug] [2018-11-27T00:48:29.266Z] <<< HTTP RESPONSE 200
[debug] [2018-11-27T00:48:29.281Z] >>> HTTP REQUEST POST https://cloudresourcemanager.googleapis.com/v1/projects/uportfoli:testIamPermissions  

[debug] [2018-11-27T00:48:30.489Z] <<< HTTP RESPONSE 200
[debug] [2018-11-27T00:48:30.489Z] >>> HTTP REQUEST GET https://cloudresourcemanager.googleapis.com/v1/projects/uportfoli  
 
[debug] [2018-11-27T00:48:31.684Z] <<< HTTP RESPONSE 200
[info] 
[info] === Serving from 'D:\PORTFORLIO'...
[info] 
[debug] [2018-11-27T00:48:31.700Z] >>> HTTP REQUEST GET https://mobilesdk-pa.googleapis.com/v1/projects/260216334544/clients/_:getWebAppConfig  
 
[debug] [2018-11-27T00:48:32.340Z] <<< HTTP RESPONSE 200
[info] i  hosting: Serving hosting files from: public
[info] +  hosting: Local server: http://localhost:5000
[debug] [2018-11-27T02:12:26.278Z] ----------------------------------------------------------------------
[debug] [2018-11-27T02:12:26.294Z] Command:       C:\Program Files\nodejs\node.exe C:\Users\Administrator\AppData\Roaming\npm\node_modules\firebase-tools\bin\firebase serve
[debug] [2018-11-27T02:12:26.294Z] CLI Version:   5.1.1
[debug] [2018-11-27T02:12:26.294Z] Platform:      win32
[debug] [2018-11-27T02:12:26.294Z] Node Version:  v8.12.0
[debug] [2018-11-27T02:12:26.294Z] Time:          Tue Nov 27 2018 11:12:26 GMT+0900 (대한민국 표준시)
[debug] [2018-11-27T02:12:26.294Z] ----------------------------------------------------------------------
[debug] 
[debug] [2018-11-27T02:12:26.325Z] > command requires scopes: ["email","openid","https://www.googleapis.com/auth/cloudplatformprojects.readonly","https://www.googleapis.com/auth/firebase","https://www.googleapis.com/auth/cloud-platform"]
[debug] [2018-11-27T02:12:26.325Z] > authorizing via signed-in user
[debug] [2018-11-27T02:12:26.325Z] [iam] checking project uportfoli for permissions ["firebase.projects.get"]
[debug] [2018-11-27T02:12:26.340Z] > refreshing access token with scopes: ["email","https://www.googleapis.com/auth/cloud-platform","https://www.googleapis.com/auth/cloudplatformprojects.readonly","https://www.googleapis.com/auth/firebase","openid"]
[debug] [2018-11-27T02:12:26.340Z] >>> HTTP REQUEST POST https://www.googleapis.com/oauth2/v3/token  
 <request body omitted>
[debug] [2018-11-27T02:12:26.779Z] <<< HTTP RESPONSE 200
[debug] [2018-11-27T02:12:26.795Z] >>> HTTP REQUEST POST https://cloudresourcemanager.googleapis.com/v1/projects/uportfoli:testIamPermissions  

[debug] [2018-11-27T02:12:28.016Z] <<< HTTP RESPONSE 200
[debug] [2018-11-27T02:12:28.016Z] >>> HTTP REQUEST GET https://cloudresourcemanager.googleapis.com/v1/projects/uportfoli  
 
[debug] [2018-11-27T02:12:29.176Z] <<< HTTP RESPONSE 200
[info] 
[info] === Serving from 'D:\PORTFORLIO'...
[info] 
[debug] [2018-11-27T02:12:29.192Z] >>> HTTP REQUEST GET https://mobilesdk-pa.googleapis.com/v1/projects/260216334544/clients/_:getWebAppConfig  
 
[debug] [2018-11-27T02:12:29.919Z] <<< HTTP RESPONSE 200
[info] i  hosting: Serving hosting files from: public
[info] +  hosting: Local server: http://localhost:5000
